#
# A fatal error has been detected by the Java Runtime Environment:
#
#  SIGBUS (0xa) at pc=0x00007fff63e13f49, pid=957, tid=0x000000000000a707
#
# JRE version: Java(TM) SE Runtime Environment (8.0_151-b12) (build 1.8.0_151-b12)
# Java VM: Java HotSpot(TM) 64-Bit Server VM (25.151-b12 mixed mode bsd-amd64 compressed oops)
# Problematic frame:
# C  [libsystem_platform.dylib+0x4f49]  _platform_memmove$VARIANT$Haswell+0x29
#
# Failed to write core dump. Core dumps have been disabled. To enable core dumping, try "ulimit -c unlimited" before starting Java again
#
# If you would like to submit a bug report, please visit:
#   http://bugreport.java.com/bugreport/crash.jsp
# The crash happened outside the Java Virtual Machine in native code.
# See problematic frame for where to report the bug.
#

---------------  T H R E A D  ---------------

Current thread (0x00007fb0458a8000):  JavaThread "RMI TCP Connection(5)-35.40.184.79" daemon [_thread_in_native, id=42759, stack(0x000070000ea2e000,0x000070000eb2e000)]

siginfo: si_signo: 10 (SIGBUS), si_code: 2 (BUS_ADRERR), si_addr: 0x00000001027ee000

Registers:
RAX=0x00007fb044252000, RBX=0x00000001027edf36, RCX=0x000000000000a364, RDX=0x000000000000a400
RSP=0x000070000eb297c0, RBP=0x000070000eb297c0, RSI=0x00000001027ee000, RDI=0x00007fb04425209c
R8 =0x00000000000000c0, R9 =0x0000000000000008, R10=0x00007fb043d48e20, R11=0x00007faf41a6409c
R12=0x0000000000000000, R13=0x000000007361542f, R14=0x0000000000000000, R15=0x000000000000ab81
RIP=0x00007fff63e13f49, EFLAGS=0x0000000000010206, ERR=0x0000000000000004
  TRAPNO=0x000000000000000e

Top of Stack: (sp=0x000070000eb297c0)
0x000070000eb297c0:   000070000eb29830 0000000102795006
0x000070000eb297d0:   0000008143e0c950 00000000000000ab
0x000070000eb297e0:   0000000000000008 00007fb044252000
0x000070000eb297f0:   000000000000a400 00007fb043d2f930
0x000070000eb29800:   00007fb043d48e20 00007fb043d2f930
0x000070000eb29810:   00007fb043d2fac0 0000000000000060
0x000070000eb29820:   00000000474c6b27 00007fb043c1f940
0x000070000eb29830:   000070000eb29890 000000010279552d
0x000070000eb29840:   000070000eb298be 000070000eb298bd
0x000070000eb29850:   0000000e00000000 0000000f018a8000
0x000070000eb29860:   000070000eb298ae 000070000eb29d80
0x000070000eb29870:   000000000000000f 000070000eb298ae
0x000070000eb29880:   00007fb043d2f930 00007fb0458a81f8
0x000070000eb29890:   000070000eb29ce0 0000000102794238
0x000070000eb298a0:   00007fb0458a8000 6c63700000000001
0x000070000eb298b0:   2e69502f746e6569 0000007373616c63
0x000070000eb298c0:   000070000eb298f0 0000000cc00a9788
0x000070000eb298d0:   000000000000000d 000000000000000c
0x000070000eb298e0:   0000700004ef8e00 000000010324a7e5
0x000070000eb298f0:   000000010534c420 000070000eb2b190
0x000070000eb29900:   000000010534c220 00000001052e3b90
0x000070000eb29910:   00007fb043c2f008 000070000eb29fb8
0x000070000eb29920:   00007fb0458a8000 00000001052e36e8
0x000070000eb29930:   000070000eb29988 000000010504e1c8
0x000070000eb29940:   000070000eb29970 00000001030dfa4d
0x000070000eb29950:   0000000104f98a50 000070000eb299f0
0x000070000eb29960:   000070000eb299f0 000060000000ffff
0x000070000eb29970:   000070000eb299a0 00000001030dfabe
0x000070000eb29980:   000070000eb299b0 0000000104f98a50
0x000070000eb29990:   00007fb0458a8000 000070000eb299f0
0x000070000eb299a0:   000070000504e1a8 0000000103452634
0x000070000eb299b0:   0000000104f98a70 0001800000000000 

Instructions: (pc=0x00007fff63e13f49)
0x00007fff63e13f29:   f3 48 89 f8 49 39 d3 72 1b 48 83 fa 60 76 2f 48
0x00007fff63e13f39:   81 fa 00 40 00 00 0f 82 cb 00 00 00 48 89 d1 fc
0x00007fff63e13f49:   f3 a4 5d c3 48 39 fe 74 f9 48 01 d6 48 01 d7 48
0x00007fff63e13f59:   83 fa 60 0f 82 8c 01 00 00 e9 a9 01 00 00 48 83 

Register to memory mapping:

RAX=0x00007fb044252000 is an unknown value
RBX=0x00000001027edf36 is an unknown value
RCX=0x000000000000a364 is an unknown value
RDX=0x000000000000a400 is an unknown value
RSP=0x000070000eb297c0 is pointing into the stack for thread: 0x00007fb0458a8000
RBP=0x000070000eb297c0 is pointing into the stack for thread: 0x00007fb0458a8000
RSI=0x00000001027ee000 is an unknown value
RDI=0x00007fb04425209c is an unknown value
R8 =0x00000000000000c0 is an unknown value
R9 =0x0000000000000008 is an unknown value
R10=0x00007fb043d48e20 is an unknown value
R11=0x00007faf41a6409c is an unknown value
R12=0x0000000000000000 is an unknown value
R13=0x000000007361542f is an unknown value
R14=0x0000000000000000 is an unknown value
R15=0x000000000000ab81 is an unknown value


Stack: [0x000070000ea2e000,0x000070000eb2e000],  sp=0x000070000eb297c0,  free space=1005k
Native frames: (J=compiled Java code, j=interpreted, Vv=VM code, C=native code)
C  [libsystem_platform.dylib+0x4f49]  _platform_memmove$VARIANT$Haswell+0x29
C  [libzip.dylib+0x3006]  newEntry+0x2c8
C  [libzip.dylib+0x352d]  ZIP_GetEntry2+0xd4
C  [libzip.dylib+0x2238]  Java_java_util_zip_ZipFile_getEntry+0xcf
j  java.util.zip.ZipFile.getEntry(J[BZ)J+0
j  java.util.zip.ZipFile.getEntry(Ljava/lang/String;)Ljava/util/zip/ZipEntry;+38
j  java.util.jar.JarFile.getEntry(Ljava/lang/String;)Ljava/util/zip/ZipEntry;+2
j  java.util.jar.JarFile.getJarEntry(Ljava/lang/String;)Ljava/util/jar/JarEntry;+2
j  sun.misc.URLClassPath$JarLoader.getResource(Ljava/lang/String;Z)Lsun/misc/Resource;+42
j  sun.misc.URLClassPath.getResource(Ljava/lang/String;Z)Lsun/misc/Resource;+62
j  java.net.URLClassLoader$1.run()Ljava/lang/Class;+26
j  java.net.URLClassLoader$1.run()Ljava/lang/Object;+1
v  ~StubRoutines::call_stub
V  [libjvm.dylib+0x2ee9aa]
V  [libjvm.dylib+0x34f108]
J 404  java.security.AccessController.doPrivileged(Ljava/security/PrivilegedExceptionAction;Ljava/security/AccessControlContext;)Ljava/lang/Object; (0 bytes) @ 0x000000010793d3d5 [0x000000010793d300+0xd5]
j  java.net.URLClassLoader.findClass(Ljava/lang/String;)Ljava/lang/Class;+13
j  java.lang.ClassLoader.loadClass(Ljava/lang/String;Z)Ljava/lang/Class;+70
j  sun.misc.Launcher$AppClassLoader.loadClass(Ljava/lang/String;Z)Ljava/lang/Class;+81
j  java.lang.ClassLoader.loadClass(Ljava/lang/String;)Ljava/lang/Class;+3
v  ~StubRoutines::call_stub
V  [libjvm.dylib+0x2ee9aa]
V  [libjvm.dylib+0x2ef14e]
V  [libjvm.dylib+0x2ef2a6]
V  [libjvm.dylib+0x53d2f6]
V  [libjvm.dylib+0x53cabe]
V  [libjvm.dylib+0x53d512]
V  [libjvm.dylib+0x53dbc5]
V  [libjvm.dylib+0x346e9d]
V  [libjvm.dylib+0x3513d2]
C  [libjava.dylib+0x209d]  Java_java_lang_Class_forName0+0x13f
J 398  java.lang.Class.forName0(Ljava/lang/String;ZLjava/lang/ClassLoader;Ljava/lang/Class;)Ljava/lang/Class; (0 bytes) @ 0x00000001079342b4 [0x00000001079341c0+0xf4]
j  java.lang.Class.forName(Ljava/lang/String;ZLjava/lang/ClassLoader;)Ljava/lang/Class;+49
j  sun.rmi.server.LoaderHandler.loadClass([Ljava/net/URL;Ljava/lang/String;)Ljava/lang/Class;+60
j  sun.rmi.server.LoaderHandler.loadClass(Ljava/lang/String;Ljava/lang/String;Ljava/lang/ClassLoader;)Ljava/lang/Class;+182
j  java.rmi.server.RMIClassLoader$2.loadClass(Ljava/lang/String;Ljava/lang/String;Ljava/lang/ClassLoader;)Ljava/lang/Class;+3
j  java.rmi.server.RMIClassLoader.loadClass(Ljava/lang/String;Ljava/lang/String;Ljava/lang/ClassLoader;)Ljava/lang/Class;+6
j  sun.rmi.server.MarshalInputStream.resolveClass(Ljava/io/ObjectStreamClass;)Ljava/lang/Class;+54
j  java.io.ObjectInputStream.readNonProxyDesc(Z)Ljava/io/ObjectStreamClass;+108
j  java.io.ObjectInputStream.readClassDesc(Z)Ljava/io/ObjectStreamClass;+86
j  java.io.ObjectInputStream.readOrdinaryObject(Z)Ljava/lang/Object;+22
j  java.io.ObjectInputStream.readObject0(Z)Ljava/lang/Object;+401
j  java.io.ObjectInputStream.readObject()Ljava/lang/Object;+19
j  sun.rmi.server.UnicastRef.unmarshalValue(Ljava/lang/Class;Ljava/io/ObjectInput;)Ljava/lang/Object;+171
j  sun.rmi.server.UnicastServerRef.unmarshalParametersUnchecked(Ljava/lang/reflect/Method;Ljava/io/ObjectInput;)[Ljava/lang/Object;+31
j  sun.rmi.server.UnicastServerRef.unmarshalParameters(Ljava/lang/Object;Ljava/lang/reflect/Method;Lsun/rmi/server/MarshalInputStream;)[Ljava/lang/Object;+23
j  sun.rmi.server.UnicastServerRef.dispatch(Ljava/rmi/Remote;Ljava/rmi/server/RemoteCall;)V+168
j  sun.rmi.transport.Transport$1.run()Ljava/lang/Void;+23
j  sun.rmi.transport.Transport$1.run()Ljava/lang/Object;+1
v  ~StubRoutines::call_stub
V  [libjvm.dylib+0x2ee9aa]
V  [libjvm.dylib+0x34f108]
J 404  java.security.AccessController.doPrivileged(Ljava/security/PrivilegedExceptionAction;Ljava/security/AccessControlContext;)Ljava/lang/Object; (0 bytes) @ 0x000000010793d3d5 [0x000000010793d300+0xd5]
J 439 C1 sun.rmi.transport.Transport.serviceCall(Ljava/rmi/server/RemoteCall;)Z (380 bytes) @ 0x000000010795706c [0x0000000107954ea0+0x21cc]
j  sun.rmi.transport.tcp.TCPTransport.handleMessages(Lsun/rmi/transport/Connection;Z)V+185
j  sun.rmi.transport.tcp.TCPTransport$ConnectionHandler.run0()V+680
j  sun.rmi.transport.tcp.TCPTransport$ConnectionHandler.lambda$run$0()Ljava/lang/Void;+1
j  sun.rmi.transport.tcp.TCPTransport$ConnectionHandler$$Lambda$5.run()Ljava/lang/Object;+4
v  ~StubRoutines::call_stub
V  [libjvm.dylib+0x2ee9aa]
V  [libjvm.dylib+0x34f108]
J 348  java.security.AccessController.doPrivileged(Ljava/security/PrivilegedAction;Ljava/security/AccessControlContext;)Ljava/lang/Object; (0 bytes) @ 0x0000000107916b95 [0x0000000107916ac0+0xd5]
j  sun.rmi.transport.tcp.TCPTransport$ConnectionHandler.run()V+58
j  java.util.concurrent.ThreadPoolExecutor.runWorker(Ljava/util/concurrent/ThreadPoolExecutor$Worker;)V+95
j  java.util.concurrent.ThreadPoolExecutor$Worker.run()V+5
j  java.lang.Thread.run()V+11
v  ~StubRoutines::call_stub
V  [libjvm.dylib+0x2ee9aa]
V  [libjvm.dylib+0x2ef14e]
V  [libjvm.dylib+0x2ef2fa]
V  [libjvm.dylib+0x349a51]
V  [libjvm.dylib+0x56c173]
V  [libjvm.dylib+0x56d860]
V  [libjvm.dylib+0x48bbb2]
C  [libsystem_pthread.dylib+0x3661]  _pthread_body+0x154
C  [libsystem_pthread.dylib+0x350d]  _pthread_body+0x0
C  [libsystem_pthread.dylib+0x2bf9]  thread_start+0xd
C  0x0000000000000000

Java frames: (J=compiled Java code, j=interpreted, Vv=VM code)
j  java.util.zip.ZipFile.getEntry(J[BZ)J+0
j  java.util.zip.ZipFile.getEntry(Ljava/lang/String;)Ljava/util/zip/ZipEntry;+38
j  java.util.jar.JarFile.getEntry(Ljava/lang/String;)Ljava/util/zip/ZipEntry;+2
j  java.util.jar.JarFile.getJarEntry(Ljava/lang/String;)Ljava/util/jar/JarEntry;+2
j  sun.misc.URLClassPath$JarLoader.getResource(Ljava/lang/String;Z)Lsun/misc/Resource;+42
j  sun.misc.URLClassPath.getResource(Ljava/lang/String;Z)Lsun/misc/Resource;+62
j  java.net.URLClassLoader$1.run()Ljava/lang/Class;+26
j  java.net.URLClassLoader$1.run()Ljava/lang/Object;+1
v  ~StubRoutines::call_stub
J 404  java.security.AccessController.doPrivileged(Ljava/security/PrivilegedExceptionAction;Ljava/security/AccessControlContext;)Ljava/lang/Object; (0 bytes) @ 0x000000010793d363 [0x000000010793d300+0x63]
j  java.net.URLClassLoader.findClass(Ljava/lang/String;)Ljava/lang/Class;+13
j  java.lang.ClassLoader.loadClass(Ljava/lang/String;Z)Ljava/lang/Class;+70
j  sun.misc.Launcher$AppClassLoader.loadClass(Ljava/lang/String;Z)Ljava/lang/Class;+81
j  java.lang.ClassLoader.loadClass(Ljava/lang/String;)Ljava/lang/Class;+3
v  ~StubRoutines::call_stub
J 398  java.lang.Class.forName0(Ljava/lang/String;ZLjava/lang/ClassLoader;Ljava/lang/Class;)Ljava/lang/Class; (0 bytes) @ 0x000000010793423a [0x00000001079341c0+0x7a]
j  java.lang.Class.forName(Ljava/lang/String;ZLjava/lang/ClassLoader;)Ljava/lang/Class;+49
j  sun.rmi.server.LoaderHandler.loadClass([Ljava/net/URL;Ljava/lang/String;)Ljava/lang/Class;+60
j  sun.rmi.server.LoaderHandler.loadClass(Ljava/lang/String;Ljava/lang/String;Ljava/lang/ClassLoader;)Ljava/lang/Class;+182
j  java.rmi.server.RMIClassLoader$2.loadClass(Ljava/lang/String;Ljava/lang/String;Ljava/lang/ClassLoader;)Ljava/lang/Class;+3
j  java.rmi.server.RMIClassLoader.loadClass(Ljava/lang/String;Ljava/lang/String;Ljava/lang/ClassLoader;)Ljava/lang/Class;+6
j  sun.rmi.server.MarshalInputStream.resolveClass(Ljava/io/ObjectStreamClass;)Ljava/lang/Class;+54
j  java.io.ObjectInputStream.readNonProxyDesc(Z)Ljava/io/ObjectStreamClass;+108
j  java.io.ObjectInputStream.readClassDesc(Z)Ljava/io/ObjectStreamClass;+86
j  java.io.ObjectInputStream.readOrdinaryObject(Z)Ljava/lang/Object;+22
j  java.io.ObjectInputStream.readObject0(Z)Ljava/lang/Object;+401
j  java.io.ObjectInputStream.readObject()Ljava/lang/Object;+19
j  sun.rmi.server.UnicastRef.unmarshalValue(Ljava/lang/Class;Ljava/io/ObjectInput;)Ljava/lang/Object;+171
j  sun.rmi.server.UnicastServerRef.unmarshalParametersUnchecked(Ljava/lang/reflect/Method;Ljava/io/ObjectInput;)[Ljava/lang/Object;+31
j  sun.rmi.server.UnicastServerRef.unmarshalParameters(Ljava/lang/Object;Ljava/lang/reflect/Method;Lsun/rmi/server/MarshalInputStream;)[Ljava/lang/Object;+23
j  sun.rmi.server.UnicastServerRef.dispatch(Ljava/rmi/Remote;Ljava/rmi/server/RemoteCall;)V+168
j  sun.rmi.transport.Transport$1.run()Ljava/lang/Void;+23
j  sun.rmi.transport.Transport$1.run()Ljava/lang/Object;+1
v  ~StubRoutines::call_stub
J 404  java.security.AccessController.doPrivileged(Ljava/security/PrivilegedExceptionAction;Ljava/security/AccessControlContext;)Ljava/lang/Object; (0 bytes) @ 0x000000010793d363 [0x000000010793d300+0x63]
J 439 C1 sun.rmi.transport.Transport.serviceCall(Ljava/rmi/server/RemoteCall;)Z (380 bytes) @ 0x000000010795706c [0x0000000107954ea0+0x21cc]
j  sun.rmi.transport.tcp.TCPTransport.handleMessages(Lsun/rmi/transport/Connection;Z)V+185
j  sun.rmi.transport.tcp.TCPTransport$ConnectionHandler.run0()V+680
j  sun.rmi.transport.tcp.TCPTransport$ConnectionHandler.lambda$run$0()Ljava/lang/Void;+1
j  sun.rmi.transport.tcp.TCPTransport$ConnectionHandler$$Lambda$5.run()Ljava/lang/Object;+4
v  ~StubRoutines::call_stub
J 348  java.security.AccessController.doPrivileged(Ljava/security/PrivilegedAction;Ljava/security/AccessControlContext;)Ljava/lang/Object; (0 bytes) @ 0x0000000107916b23 [0x0000000107916ac0+0x63]
j  sun.rmi.transport.tcp.TCPTransport$ConnectionHandler.run()V+58
j  java.util.concurrent.ThreadPoolExecutor.runWorker(Ljava/util/concurrent/ThreadPoolExecutor$Worker;)V+95
j  java.util.concurrent.ThreadPoolExecutor$Worker.run()V+5
j  java.lang.Thread.run()V+11
v  ~StubRoutines::call_stub

---------------  P R O C E S S  ---------------

Java Threads: ( => current thread )
=>0x00007fb0458a8000 JavaThread "RMI TCP Connection(5)-35.40.184.79" daemon [_thread_in_native, id=42759, stack(0x000070000ea2e000,0x000070000eb2e000)]
  0x00007fb0458a7000 JavaThread "RMI TCP Connection(4)-127.0.0.1" daemon [_thread_in_native, id=15623, stack(0x000070000d66f000,0x000070000d76f000)]
  0x00007fb044157800 JavaThread "RMI TCP Connection(3)-35.40.184.79" daemon [_thread_in_native, id=42499, stack(0x000070000ee3a000,0x000070000ef3a000)]
  0x00007fb044841000 JavaThread "DestroyJavaVM" [_thread_blocked, id=6403, stack(0x000070000d7f8000,0x000070000d8f8000)]
  0x00007fb04416d000 JavaThread "RMI RenewClean-[35.40.184.79:51465]" daemon [_thread_blocked, id=22275, stack(0x000070000ec34000,0x000070000ed34000)]
  0x00007fb044840000 JavaThread "RMI Scheduler(0)" daemon [_thread_blocked, id=22019, stack(0x000070000eb31000,0x000070000ec31000)]
  0x00007fb0440a5000 JavaThread "GC Daemon" daemon [_thread_blocked, id=15363, stack(0x000070000e92b000,0x000070000ea2b000)]
  0x00007fb044822000 JavaThread "RMI Reaper" [_thread_blocked, id=16387, stack(0x000070000e828000,0x000070000e928000)]
  0x00007fb0451fc800 JavaThread "RMI TCP Accept-0" daemon [_thread_in_native, id=16643, stack(0x000070000e725000,0x000070000e825000)]
  0x00007fb0451f6000 JavaThread "RMI TCP Accept-1099" daemon [_thread_in_native, id=14595, stack(0x000070000e622000,0x000070000e722000)]
  0x00007fb045800800 JavaThread "Service Thread" daemon [_thread_blocked, id=17155, stack(0x000070000e41c000,0x000070000e51c000)]
  0x00007fb044048800 JavaThread "C1 CompilerThread2" daemon [_thread_blocked, id=13827, stack(0x000070000e319000,0x000070000e419000)]
  0x00007fb04401b000 JavaThread "C2 CompilerThread1" daemon [_thread_blocked, id=17667, stack(0x000070000e216000,0x000070000e316000)]
  0x00007fb04500e800 JavaThread "C2 CompilerThread0" daemon [_thread_blocked, id=17923, stack(0x000070000e113000,0x000070000e213000)]
  0x00007fb04500b800 JavaThread "Signal Dispatcher" daemon [_thread_blocked, id=18443, stack(0x000070000e010000,0x000070000e110000)]
  0x00007fb044012000 JavaThread "Finalizer" daemon [_thread_blocked, id=12547, stack(0x000070000df0d000,0x000070000e00d000)]
  0x00007fb045034000 JavaThread "Reference Handler" daemon [_thread_blocked, id=12291, stack(0x000070000de0a000,0x000070000df0a000)]

Other Threads:
  0x00007fb04400f800 VMThread [stack: 0x000070000dd07000,0x000070000de07000] [id=12035]
  0x00007fb04503a800 WatcherThread [stack: 0x000070000e51f000,0x000070000e61f000] [id=14083]

VM state:not at safepoint (normal execution)

VM Mutex/Monitor currently owned by a thread: None

Heap:
 PSYoungGen      total 38400K, used 6325K [0x0000000795580000, 0x0000000798000000, 0x00000007c0000000)
  eden space 33280K, 19% used [0x0000000795580000,0x0000000795bad580,0x0000000797600000)
  from space 5120K, 0% used [0x0000000797600000,0x0000000797600000,0x0000000797b00000)
  to   space 5120K, 0% used [0x0000000797b00000,0x0000000797b00000,0x0000000798000000)
 ParOldGen       total 87552K, used 744K [0x0000000740000000, 0x0000000745580000, 0x0000000795580000)
  object space 87552K, 0% used [0x0000000740000000,0x00000007400ba260,0x0000000745580000)
 Metaspace       used 6347K, capacity 6484K, committed 6784K, reserved 1056768K
  class space    used 732K, capacity 808K, committed 896K, reserved 1048576K

Card table byte_map: [0x0000000104367000,0x0000000104768000] byte_map_base: 0x0000000100967000

Marking Bits: (ParMarkBitMap*) 0x00000001038f35d0
 Begin Bits: [0x0000000116768000, 0x0000000118768000)
 End Bits:   [0x0000000118768000, 0x000000011a768000)

Polling page: 0x0000000102748000

CodeCache: size=245760Kb used=2034Kb max_used=2034Kb free=243725Kb
 bounds [0x0000000107768000, 0x00000001079d8000, 0x0000000116768000]
 total_blobs=740 nmethods=443 adapters=211
 compilation: enabled

Compilation events (10 events):
Event: 255.718 Thread 0x00007fb044048800  441       3       java.io.FilterInputStream::read (8 bytes)
Event: 255.718 Thread 0x00007fb044048800 nmethod 441 0x0000000107954210 code [0x0000000107954380, 0x00000001079545a8]
Event: 255.718 Thread 0x00007fb044048800  439   !   3       sun.rmi.transport.Transport::serviceCall (380 bytes)
Event: 255.723 Thread 0x00007fb044048800 nmethod 439 0x0000000107954650 code [0x0000000107954ea0, 0x000000010795ab28]
Event: 255.723 Thread 0x00007fb044048800  440  s    3       sun.rmi.transport.Target::incrementCallCount (31 bytes)
Event: 255.724 Thread 0x00007fb044048800 nmethod 440 0x000000010795f150 code [0x000000010795f2e0, 0x000000010795f6c8]
Event: 256.720 Thread 0x00007fb044048800  442       3       sun.rmi.registry.RegistryImpl_Skel::getOperations (10 bytes)
Event: 256.720 Thread 0x00007fb044048800 nmethod 442 0x000000010795f810 code [0x000000010795f980, 0x000000010795fc88]
Event: 256.720 Thread 0x00007fb044048800  443   !   3       sun.rmi.registry.RegistryImpl_Skel::dispatch (518 bytes)
Event: 256.722 Thread 0x00007fb044048800 nmethod 443 0x000000010795fd50 code [0x00000001079602e0, 0x0000000107962788]

GC Heap History (4 events):
Event: 0.339 GC heap before
{Heap before GC invocations=1 (full 0):
 PSYoungGen      total 38400K, used 3994K [0x0000000795580000, 0x0000000798000000, 0x00000007c0000000)
  eden space 33280K, 12% used [0x0000000795580000,0x00000007959668d0,0x0000000797600000)
  from space 5120K, 0% used [0x0000000797b00000,0x0000000797b00000,0x0000000798000000)
  to   space 5120K, 0% used [0x0000000797600000,0x0000000797600000,0x0000000797b00000)
 ParOldGen       total 87552K, used 0K [0x0000000740000000, 0x0000000745580000, 0x0000000795580000)
  object space 87552K, 0% used [0x0000000740000000,0x0000000740000000,0x0000000745580000)
 Metaspace       used 5370K, capacity 5498K, committed 5632K, reserved 1056768K
  class space    used 617K, capacity 663K, committed 768K, reserved 1048576K
Event: 0.341 GC heap after
Heap after GC invocations=1 (full 0):
 PSYoungGen      total 38400K, used 848K [0x0000000795580000, 0x0000000798000000, 0x00000007c0000000)
  eden space 33280K, 0% used [0x0000000795580000,0x0000000795580000,0x0000000797600000)
  from space 5120K, 16% used [0x0000000797600000,0x00000007976d4010,0x0000000797b00000)
  to   space 5120K, 0% used [0x0000000797b00000,0x0000000797b00000,0x0000000798000000)
 ParOldGen       total 87552K, used 8K [0x0000000740000000, 0x0000000745580000, 0x0000000795580000)
  object space 87552K, 0% used [0x0000000740000000,0x0000000740002000,0x0000000745580000)
 Metaspace       used 5370K, capacity 5498K, committed 5632K, reserved 1056768K
  class space    used 617K, capacity 663K, committed 768K, reserved 1048576K
}
Event: 0.341 GC heap before
{Heap before GC invocations=2 (full 1):
 PSYoungGen      total 38400K, used 848K [0x0000000795580000, 0x0000000798000000, 0x00000007c0000000)
  eden space 33280K, 0% used [0x0000000795580000,0x0000000795580000,0x0000000797600000)
  from space 5120K, 16% used [0x0000000797600000,0x00000007976d4010,0x0000000797b00000)
  to   space 5120K, 0% used [0x0000000797b00000,0x0000000797b00000,0x0000000798000000)
 ParOldGen       total 87552K, used 8K [0x0000000740000000, 0x0000000745580000, 0x0000000795580000)
  object space 87552K, 0% used [0x0000000740000000,0x0000000740002000,0x0000000745580000)
 Metaspace       used 5370K, capacity 5498K, committed 5632K, reserved 1056768K
  class space    used 617K, capacity 663K, committed 768K, reserved 1048576K
Event: 0.346 GC heap after
Heap after GC invocations=2 (full 1):
 PSYoungGen      total 38400K, used 0K [0x0000000795580000, 0x0000000798000000, 0x00000007c0000000)
  eden space 33280K, 0% used [0x0000000795580000,0x0000000795580000,0x0000000797600000)
  from space 5120K, 0% used [0x0000000797600000,0x0000000797600000,0x0000000797b00000)
  to   space 5120K, 0% used [0x0000000797b00000,0x0000000797b00000,0x0000000798000000)
 ParOldGen       total 87552K, used 744K [0x0000000740000000, 0x0000000745580000, 0x0000000795580000)
  object space 87552K, 0% used [0x0000000740000000,0x00000007400ba260,0x0000000745580000)
 Metaspace       used 5370K, capacity 5498K, committed 5632K, reserved 1056768K
  class space    used 617K, capacity 663K, committed 768K, reserved 1048576K
}

Deoptimization events (0 events):
No events

Internal exceptions (10 events):
Event: 0.121 Thread 0x00007fb045801800 Exception <a 'java/lang/NoSuchFieldError': method resolution failed> (0x00000007957c68f0) thrown at [/Users/java_re/workspace/8-2-build-macosx-x86_64/jdk8u151/9699/hotspot/src/share/vm/prims/methodHandles.cpp, line 1146]
Event: 0.122 Thread 0x00007fb045801800 Exception <a 'java/lang/NoSuchFieldError': method resolution failed> (0x00000007957d3cf0) thrown at [/Users/java_re/workspace/8-2-build-macosx-x86_64/jdk8u151/9699/hotspot/src/share/vm/prims/methodHandles.cpp, line 1146]
Event: 0.359 Thread 0x00007fb045801800 Exception <a 'java/security/PrivilegedActionException'> (0x00000007955b9d60) thrown at [/Users/java_re/workspace/8-2-build-macosx-x86_64/jdk8u151/9699/hotspot/src/share/vm/prims/jvm.cpp, line 1390]
Event: 0.359 Thread 0x00007fb045801800 Exception <a 'java/security/PrivilegedActionException'> (0x00000007955ba158) thrown at [/Users/java_re/workspace/8-2-build-macosx-x86_64/jdk8u151/9699/hotspot/src/share/vm/prims/jvm.cpp, line 1390]
Event: 0.359 Thread 0x00007fb045801800 Exception <a 'java/security/PrivilegedActionException'> (0x00000007955bd670) thrown at [/Users/java_re/workspace/8-2-build-macosx-x86_64/jdk8u151/9699/hotspot/src/share/vm/prims/jvm.cpp, line 1390]
Event: 0.359 Thread 0x00007fb045801800 Exception <a 'java/security/PrivilegedActionException'> (0x00000007955bda68) thrown at [/Users/java_re/workspace/8-2-build-macosx-x86_64/jdk8u151/9699/hotspot/src/share/vm/prims/jvm.cpp, line 1390]
Event: 0.370 Thread 0x00007fb045205800 Exception <a 'java/lang/NoSuchMethodError': <clinit>> (0x00000007956f6118) thrown at [/Users/java_re/workspace/8-2-build-macosx-x86_64/jdk8u151/9699/hotspot/src/share/vm/prims/jni.cpp, line 1613]
Event: 0.371 Thread 0x00007fb045205800 Exception <a 'java/lang/NoSuchMethodError': <clinit>> (0x000000079570fb48) thrown at [/Users/java_re/workspace/8-2-build-macosx-x86_64/jdk8u151/9699/hotspot/src/share/vm/prims/jni.cpp, line 1613]
Event: 0.373 Thread 0x00007fb04416d000 Exception <a 'java/lang/InterruptedException'> (0x00000007959133d0) thrown at [/Users/java_re/workspace/8-2-build-macosx-x86_64/jdk8u151/9699/hotspot/src/share/vm/runtime/objectMonitor.cpp, line 1684]
Event: 0.499 Thread 0x00007fb044157800 Exception <a 'java/lang/NoSuchMethodError': <clinit>> (0x00000007959bfbb0) thrown at [/Users/java_re/workspace/8-2-build-macosx-x86_64/jdk8u151/9699/hotspot/src/share/vm/prims/jni.cpp, line 1613]

Events (10 events):
Event: 256.781 Thread 0x00007fb0458a7000 Thread added: 0x00007fb0458a7000
Event: 256.781 Executing VM operation: RevokeBias
Event: 256.781 Executing VM operation: RevokeBias done
Event: 256.872 Thread 0x00007fb0458a8000 Thread added: 0x00007fb0458a8000
Event: 256.872 Executing VM operation: RevokeBias
Event: 256.872 Executing VM operation: RevokeBias done
Event: 256.884 loading class sun/rmi/server/DeserializationChecker
Event: 256.884 loading class sun/rmi/server/DeserializationChecker done
Event: 256.884 loading class client/Pi
Event: 256.884 loading class client/Pi done


Dynamic libraries:
0x000000001410e000 	/System/Library/Frameworks/Cocoa.framework/Versions/A/Cocoa
0x000000001410e000 	/System/Library/Frameworks/Security.framework/Versions/A/Security
0x000000001410e000 	/System/Library/Frameworks/ApplicationServices.framework/Versions/A/ApplicationServices
0x000000001410e000 	/usr/lib/libz.1.dylib
0x000000001410e000 	/usr/lib/libSystem.B.dylib
0x000000001410e000 	/usr/lib/libobjc.A.dylib
0x000000001410e000 	/System/Library/Frameworks/CoreFoundation.framework/Versions/A/CoreFoundation
0x000000001410e000 	/System/Library/Frameworks/Foundation.framework/Versions/C/Foundation
0x000000001410e000 	/System/Library/Frameworks/AppKit.framework/Versions/C/AppKit
0x000000001410e000 	/System/Library/Frameworks/CoreData.framework/Versions/A/CoreData
0x000000001410e000 	/System/Library/PrivateFrameworks/RemoteViewServices.framework/Versions/A/RemoteViewServices
0x000000001410e000 	/System/Library/PrivateFrameworks/UIFoundation.framework/Versions/A/UIFoundation
0x000000001410e000 	/System/Library/PrivateFrameworks/DFRFoundation.framework/Versions/A/DFRFoundation
0x000000001410e000 	/System/Library/Frameworks/Metal.framework/Versions/A/Metal
0x000000001410e000 	/System/Library/PrivateFrameworks/DesktopServicesPriv.framework/Versions/A/DesktopServicesPriv
0x000000001410e000 	/usr/lib/libenergytrace.dylib
0x000000001410e000 	/System/Library/PrivateFrameworks/SkyLight.framework/Versions/A/SkyLight
0x000000001410e000 	/System/Library/Frameworks/CoreGraphics.framework/Versions/A/CoreGraphics
0x000000001410e000 	/usr/lib/libScreenReader.dylib
0x000000001410e000 	/System/Library/Frameworks/Accelerate.framework/Versions/A/Accelerate
0x000000001410e000 	/System/Library/Frameworks/IOSurface.framework/Versions/A/IOSurface
0x000000001410e000 	/System/Library/Frameworks/AudioToolbox.framework/Versions/A/AudioToolbox
0x000000001410e000 	/System/Library/Frameworks/AudioUnit.framework/Versions/A/AudioUnit
0x000000001410e000 	/System/Library/PrivateFrameworks/DataDetectorsCore.framework/Versions/A/DataDetectorsCore
0x000000001410e000 	/System/Library/Frameworks/Carbon.framework/Versions/A/Frameworks/HIToolbox.framework/Versions/A/HIToolbox
0x000000001410e000 	/usr/lib/libicucore.A.dylib
0x000000001410e000 	/System/Library/Frameworks/QuartzCore.framework/Versions/A/QuartzCore
0x000000001410e000 	/System/Library/PrivateFrameworks/SignpostNotification.framework/Versions/A/SignpostNotification
0x000000001410e000 	/System/Library/Frameworks/Carbon.framework/Versions/A/Frameworks/SpeechRecognition.framework/Versions/A/SpeechRecognition
0x000000001410e000 	/usr/lib/libauto.dylib
0x000000001410e000 	/usr/lib/libxml2.2.dylib
0x000000001410e000 	/System/Library/PrivateFrameworks/CoreUI.framework/Versions/A/CoreUI
0x000000001410e000 	/System/Library/Frameworks/CoreAudio.framework/Versions/A/CoreAudio
0x000000001410e000 	/System/Library/Frameworks/DiskArbitration.framework/Versions/A/DiskArbitration
0x000000001410e000 	/usr/lib/liblangid.dylib
0x000000001410e000 	/System/Library/PrivateFrameworks/MultitouchSupport.framework/Versions/A/MultitouchSupport
0x000000001410e000 	/System/Library/Frameworks/IOKit.framework/Versions/A/IOKit
0x000000001410e000 	/usr/lib/libDiagnosticMessagesClient.dylib
0x000000001410e000 	/System/Library/Frameworks/CoreServices.framework/Versions/A/CoreServices
0x000000001410e000 	/System/Library/PrivateFrameworks/PerformanceAnalysis.framework/Versions/A/PerformanceAnalysis
0x000000001410e000 	/System/Library/Frameworks/OpenGL.framework/Versions/A/OpenGL
0x000000001410e000 	/System/Library/Frameworks/ColorSync.framework/Versions/A/ColorSync
0x000000001410e000 	/System/Library/Frameworks/CoreImage.framework/Versions/A/CoreImage
0x000000001410e000 	/System/Library/Frameworks/CoreText.framework/Versions/A/CoreText
0x000000001410e000 	/System/Library/Frameworks/ImageIO.framework/Versions/A/ImageIO
0x000000001410e000 	/System/Library/PrivateFrameworks/Backup.framework/Versions/A/Backup
0x000000001410e000 	/usr/lib/libarchive.2.dylib
0x000000001410e000 	/System/Library/Frameworks/CFNetwork.framework/Versions/A/CFNetwork
0x000000001410e000 	/System/Library/Frameworks/SystemConfiguration.framework/Versions/A/SystemConfiguration
0x000000001410e000 	/usr/lib/libCRFSuite.dylib
0x000000001410e000 	/usr/lib/libc++.1.dylib
0x000000001410e000 	/usr/lib/libc++abi.dylib
0x000000001410e000 	/usr/lib/system/libcache.dylib
0x000000001410e000 	/usr/lib/system/libcommonCrypto.dylib
0x000000001410e000 	/usr/lib/system/libcompiler_rt.dylib
0x000000001410e000 	/usr/lib/system/libcopyfile.dylib
0x000000001410e000 	/usr/lib/system/libcorecrypto.dylib
0x000000001410e000 	/usr/lib/system/libdispatch.dylib
0x000000001410e000 	/usr/lib/system/libdyld.dylib
0x000000001410e000 	/usr/lib/system/libkeymgr.dylib
0x000000001410e000 	/usr/lib/system/liblaunch.dylib
0x000000001410e000 	/usr/lib/system/libmacho.dylib
0x000000001410e000 	/usr/lib/system/libquarantine.dylib
0x000000001410e000 	/usr/lib/system/libremovefile.dylib
0x000000001410e000 	/usr/lib/system/libsystem_asl.dylib
0x000000001410e000 	/usr/lib/system/libsystem_blocks.dylib
0x000000001410e000 	/usr/lib/system/libsystem_c.dylib
0x000000001410e000 	/usr/lib/system/libsystem_configuration.dylib
0x000000001410e000 	/usr/lib/system/libsystem_coreservices.dylib
0x000000001410e000 	/usr/lib/system/libsystem_darwin.dylib
0x000000001410e000 	/usr/lib/system/libsystem_dnssd.dylib
0x000000001410e000 	/usr/lib/system/libsystem_info.dylib
0x000000001410e000 	/usr/lib/system/libsystem_m.dylib
0x000000001410e000 	/usr/lib/system/libsystem_malloc.dylib
0x000000001410e000 	/usr/lib/system/libsystem_network.dylib
0x000000001410e000 	/usr/lib/system/libsystem_networkextension.dylib
0x000000001410e000 	/usr/lib/system/libsystem_notify.dylib
0x000000001410e000 	/usr/lib/system/libsystem_sandbox.dylib
0x000000001410e000 	/usr/lib/system/libsystem_secinit.dylib
0x000000001410e000 	/usr/lib/system/libsystem_kernel.dylib
0x000000001410e000 	/usr/lib/system/libsystem_platform.dylib
0x000000001410e000 	/usr/lib/system/libsystem_pthread.dylib
0x000000001410e000 	/usr/lib/system/libsystem_symptoms.dylib
0x000000001410e000 	/usr/lib/system/libsystem_trace.dylib
0x000000001410e000 	/usr/lib/system/libunwind.dylib
0x000000001410e000 	/usr/lib/system/libxpc.dylib
0x000000001410e000 	/usr/lib/closure/libclosured.dylib
0x000000001410e000 	/usr/lib/libbsm.0.dylib
0x000000001410e000 	/usr/lib/system/libkxld.dylib
0x000000001410e000 	/usr/lib/libOpenScriptingUtil.dylib
0x000000001410e000 	/usr/lib/libcoretls.dylib
0x000000001410e000 	/usr/lib/libcoretls_cfhelpers.dylib
0x000000001410e000 	/usr/lib/libpam.2.dylib
0x000000001410e000 	/usr/lib/libsqlite3.dylib
0x000000001410e000 	/usr/lib/libxar.1.dylib
0x000000001410e000 	/usr/lib/libbz2.1.0.dylib
0x000000001410e000 	/usr/lib/liblzma.5.dylib
0x000000001410e000 	/usr/lib/libnetwork.dylib
0x000000001410e000 	/usr/lib/libapple_nghttp2.dylib
0x000000001410e000 	/usr/lib/libpcap.A.dylib
0x000000001410e000 	/usr/lib/libboringssl.dylib
0x000000001410e000 	/usr/lib/libusrtcp.dylib
0x000000001410e000 	/usr/lib/libapple_crypto.dylib
0x000000001410e000 	/System/Library/Frameworks/CoreServices.framework/Versions/A/Frameworks/FSEvents.framework/Versions/A/FSEvents
0x000000001410e000 	/System/Library/Frameworks/CoreServices.framework/Versions/A/Frameworks/CarbonCore.framework/Versions/A/CarbonCore
0x000000001410e000 	/System/Library/Frameworks/CoreServices.framework/Versions/A/Frameworks/Metadata.framework/Versions/A/Metadata
0x000000001410e000 	/System/Library/Frameworks/CoreServices.framework/Versions/A/Frameworks/OSServices.framework/Versions/A/OSServices
0x000000001410e000 	/System/Library/Frameworks/CoreServices.framework/Versions/A/Frameworks/SearchKit.framework/Versions/A/SearchKit
0x000000001410e000 	/System/Library/Frameworks/CoreServices.framework/Versions/A/Frameworks/AE.framework/Versions/A/AE
0x000000001410e000 	/System/Library/Frameworks/CoreServices.framework/Versions/A/Frameworks/LaunchServices.framework/Versions/A/LaunchServices
0x000000001410e000 	/System/Library/Frameworks/CoreServices.framework/Versions/A/Frameworks/DictionaryServices.framework/Versions/A/DictionaryServices
0x000000001410e000 	/System/Library/Frameworks/CoreServices.framework/Versions/A/Frameworks/SharedFileList.framework/Versions/A/SharedFileList
0x000000001410e000 	/System/Library/Frameworks/NetFS.framework/Versions/A/NetFS
0x000000001410e000 	/System/Library/PrivateFrameworks/NetAuth.framework/Versions/A/NetAuth
0x000000001410e000 	/System/Library/PrivateFrameworks/login.framework/Versions/A/Frameworks/loginsupport.framework/Versions/A/loginsupport
0x000000001410e000 	/System/Library/PrivateFrameworks/TCC.framework/Versions/A/TCC
0x000000001410e000 	/usr/lib/libmecabra.dylib
0x000000001410e000 	/System/Library/Frameworks/ApplicationServices.framework/Versions/A/Frameworks/ATS.framework/Versions/A/ATS
0x000000001410e000 	/System/Library/Frameworks/ApplicationServices.framework/Versions/A/Frameworks/ColorSyncLegacy.framework/Versions/A/ColorSyncLegacy
0x000000001410e000 	/System/Library/Frameworks/ApplicationServices.framework/Versions/A/Frameworks/HIServices.framework/Versions/A/HIServices
0x000000001410e000 	/System/Library/Frameworks/ApplicationServices.framework/Versions/A/Frameworks/LangAnalysis.framework/Versions/A/LangAnalysis
0x000000001410e000 	/System/Library/Frameworks/ApplicationServices.framework/Versions/A/Frameworks/PrintCore.framework/Versions/A/PrintCore
0x000000001410e000 	/System/Library/Frameworks/ApplicationServices.framework/Versions/A/Frameworks/QD.framework/Versions/A/QD
0x000000001410e000 	/System/Library/Frameworks/ApplicationServices.framework/Versions/A/Frameworks/SpeechSynthesis.framework/Versions/A/SpeechSynthesis
0x000000001410e000 	/System/Library/Frameworks/CoreDisplay.framework/Versions/A/CoreDisplay
0x000000001410e000 	/System/Library/Frameworks/Accelerate.framework/Versions/A/Frameworks/vImage.framework/Versions/A/vImage
0x000000001410e000 	/System/Library/Frameworks/Accelerate.framework/Versions/A/Frameworks/vecLib.framework/Versions/A/vecLib
0x000000001410e000 	/System/Library/Frameworks/Accelerate.framework/Versions/A/Frameworks/vecLib.framework/Versions/A/libvDSP.dylib
0x000000001410e000 	/System/Library/Frameworks/Accelerate.framework/Versions/A/Frameworks/vecLib.framework/Versions/A/libBNNS.dylib
0x000000001410e000 	/System/Library/Frameworks/Accelerate.framework/Versions/A/Frameworks/vecLib.framework/Versions/A/libQuadrature.dylib
0x000000001410e000 	/System/Library/Frameworks/Accelerate.framework/Versions/A/Frameworks/vecLib.framework/Versions/A/libvMisc.dylib
0x000000001410e000 	/System/Library/Frameworks/Accelerate.framework/Versions/A/Frameworks/vecLib.framework/Versions/A/libLAPACK.dylib
0x000000001410e000 	/System/Library/Frameworks/Accelerate.framework/Versions/A/Frameworks/vecLib.framework/Versions/A/libBLAS.dylib
0x000000001410e000 	/System/Library/Frameworks/Accelerate.framework/Versions/A/Frameworks/vecLib.framework/Versions/A/libLinearAlgebra.dylib
0x000000001410e000 	/System/Library/Frameworks/Accelerate.framework/Versions/A/Frameworks/vecLib.framework/Versions/A/libSparse.dylib
0x000000001410e000 	/System/Library/Frameworks/Accelerate.framework/Versions/A/Frameworks/vecLib.framework/Versions/A/libSparseBLAS.dylib
0x000000001410e000 	/System/Library/PrivateFrameworks/GPUWrangler.framework/Versions/A/GPUWrangler
0x000000001410e000 	/System/Library/PrivateFrameworks/IOAccelerator.framework/Versions/A/IOAccelerator
0x000000001410e000 	/System/Library/PrivateFrameworks/IOPresentment.framework/Versions/A/IOPresentment
0x000000001410e000 	/System/Library/PrivateFrameworks/DSExternalDisplay.framework/Versions/A/DSExternalDisplay
0x000000001410e000 	/System/Library/Frameworks/OpenGL.framework/Versions/A/Libraries/libCoreFSCache.dylib
0x000000001410e000 	/System/Library/Frameworks/CoreVideo.framework/Versions/A/CoreVideo
0x000000001410e000 	/System/Library/PrivateFrameworks/GraphVisualizer.framework/Versions/A/GraphVisualizer
0x000000001410e000 	/System/Library/Frameworks/MetalPerformanceShaders.framework/Versions/A/MetalPerformanceShaders
0x000000001410e000 	/usr/lib/libFosl_dynamic.dylib
0x000000001410e000 	/System/Library/PrivateFrameworks/FaceCore.framework/Versions/A/FaceCore
0x000000001410e000 	/System/Library/Frameworks/OpenCL.framework/Versions/A/OpenCL
0x000000001410e000 	/usr/lib/libcompression.dylib
0x000000001410e000 	/System/Library/Frameworks/ApplicationServices.framework/Versions/A/Frameworks/ATS.framework/Versions/A/Resources/libFontParser.dylib
0x000000001410e000 	/System/Library/Frameworks/ApplicationServices.framework/Versions/A/Frameworks/ATS.framework/Versions/A/Resources/libFontRegistry.dylib
0x000000001410e000 	/System/Library/Frameworks/ImageIO.framework/Versions/A/Resources/libJPEG.dylib
0x000000001410e000 	/System/Library/Frameworks/ImageIO.framework/Versions/A/Resources/libTIFF.dylib
0x000000001410e000 	/System/Library/Frameworks/ImageIO.framework/Versions/A/Resources/libPng.dylib
0x000000001410e000 	/System/Library/Frameworks/ImageIO.framework/Versions/A/Resources/libGIF.dylib
0x000000001410e000 	/System/Library/Frameworks/ImageIO.framework/Versions/A/Resources/libJP2.dylib
0x000000001410e000 	/System/Library/Frameworks/ImageIO.framework/Versions/A/Resources/libRadiance.dylib
0x000000001410e000 	/System/Library/PrivateFrameworks/AppleJPEG.framework/Versions/A/AppleJPEG
0x000000001410e000 	/System/Library/Frameworks/MetalPerformanceShaders.framework/Frameworks/MPSCore.framework/Versions/A/MPSCore
0x000000001410e000 	/System/Library/Frameworks/MetalPerformanceShaders.framework/Frameworks/MPSImage.framework/Versions/A/MPSImage
0x000000001410e000 	/System/Library/Frameworks/MetalPerformanceShaders.framework/Frameworks/MPSNeuralNetwork.framework/Versions/A/MPSNeuralNetwork
0x000000001410e000 	/System/Library/Frameworks/MetalPerformanceShaders.framework/Frameworks/MPSMatrix.framework/Versions/A/MPSMatrix
0x000000001410e000 	/System/Library/PrivateFrameworks/MetalTools.framework/Versions/A/MetalTools
0x000000001410e000 	/System/Library/Frameworks/OpenGL.framework/Versions/A/Libraries/libGLU.dylib
0x000000001410e000 	/System/Library/Frameworks/OpenGL.framework/Versions/A/Libraries/libGFXShared.dylib
0x000000001410e000 	/System/Library/Frameworks/OpenGL.framework/Versions/A/Libraries/libGL.dylib
0x000000001410e000 	/System/Library/Frameworks/OpenGL.framework/Versions/A/Libraries/libGLImage.dylib
0x000000001410e000 	/System/Library/Frameworks/OpenGL.framework/Versions/A/Libraries/libCVMSPluginSupport.dylib
0x000000001410e000 	/System/Library/Frameworks/OpenGL.framework/Versions/A/Libraries/libCoreVMClient.dylib
0x000000001410e000 	/usr/lib/libcups.2.dylib
0x000000001410e000 	/System/Library/Frameworks/Kerberos.framework/Versions/A/Kerberos
0x000000001410e000 	/System/Library/Frameworks/GSS.framework/Versions/A/GSS
0x000000001410e000 	/usr/lib/libresolv.9.dylib
0x000000001410e000 	/usr/lib/libiconv.2.dylib
0x000000001410e000 	/System/Library/PrivateFrameworks/Heimdal.framework/Versions/A/Heimdal
0x000000001410e000 	/usr/lib/libheimdal-asn1.dylib
0x000000001410e000 	/System/Library/Frameworks/OpenDirectory.framework/Versions/A/OpenDirectory
0x000000001410e000 	/System/Library/PrivateFrameworks/CommonAuth.framework/Versions/A/CommonAuth
0x000000001410e000 	/System/Library/Frameworks/OpenDirectory.framework/Versions/A/Frameworks/CFOpenDirectory.framework/Versions/A/CFOpenDirectory
0x000000001410e000 	/System/Library/Frameworks/SecurityFoundation.framework/Versions/A/SecurityFoundation
0x000000001410e000 	/System/Library/PrivateFrameworks/APFS.framework/Versions/A/APFS
0x000000001410e000 	/usr/lib/libutil.dylib
0x000000001410e000 	/System/Library/PrivateFrameworks/AppleSauce.framework/Versions/A/AppleSauce
0x000000001410e000 	/System/Library/PrivateFrameworks/LinguisticData.framework/Versions/A/LinguisticData
0x000000001410e000 	/usr/lib/libmarisa.dylib
0x000000001410e000 	/System/Library/PrivateFrameworks/Lexicon.framework/Versions/A/Lexicon
0x000000001410e000 	/usr/lib/libChineseTokenizer.dylib
0x000000001410e000 	/usr/lib/libcmph.dylib
0x000000001410e000 	/System/Library/PrivateFrameworks/LanguageModeling.framework/Versions/A/LanguageModeling
0x000000001410e000 	/System/Library/PrivateFrameworks/CoreEmoji.framework/Versions/A/CoreEmoji
0x000000001410e000 	/System/Library/Frameworks/ServiceManagement.framework/Versions/A/ServiceManagement
0x000000001410e000 	/System/Library/PrivateFrameworks/BackgroundTaskManagement.framework/Versions/A/BackgroundTaskManagement
0x000000001410e000 	/usr/lib/libxslt.1.dylib
0x000000001410e000 	/System/Library/Frameworks/Carbon.framework/Versions/A/Frameworks/Ink.framework/Versions/A/Ink
0x000000001410e000 	/System/Library/PrivateFrameworks/TextureIO.framework/Versions/A/TextureIO
0x000000001410e000 	/usr/lib/libate.dylib
0x000000001410e000 	/System/Library/PrivateFrameworks/CrashReporterSupport.framework/Versions/A/CrashReporterSupport
0x000000001410e000 	/System/Library/PrivateFrameworks/Sharing.framework/Versions/A/Sharing
0x000000001410e000 	/System/Library/PrivateFrameworks/IconServices.framework/Versions/A/IconServices
0x000000001410e000 	/System/Library/PrivateFrameworks/AuthKit.framework/Versions/A/AuthKit
0x000000001410e000 	/System/Library/PrivateFrameworks/Apple80211.framework/Versions/A/Apple80211
0x000000001410e000 	/System/Library/PrivateFrameworks/CoreUtils.framework/Versions/A/CoreUtils
0x000000001410e000 	/System/Library/Frameworks/CoreWLAN.framework/Versions/A/CoreWLAN
0x000000001410e000 	/System/Library/Frameworks/IOBluetooth.framework/Versions/A/IOBluetooth
0x000000001410e000 	/System/Library/PrivateFrameworks/ProtocolBuffer.framework/Versions/A/ProtocolBuffer
0x000000001410e000 	/System/Library/PrivateFrameworks/MobileKeyBag.framework/Versions/A/MobileKeyBag
0x000000001410e000 	/System/Library/PrivateFrameworks/CorePhoneNumbers.framework/Versions/A/CorePhoneNumbers
0x000000001410e000 	/System/Library/PrivateFrameworks/AppleIDAuthSupport.framework/Versions/A/AppleIDAuthSupport
0x000000001410e000 	/System/Library/PrivateFrameworks/KeychainCircle.framework/Versions/A/KeychainCircle
0x000000001410e000 	/System/Library/PrivateFrameworks/CoreWiFi.framework/Versions/A/CoreWiFi
0x000000001410e000 	/System/Library/Frameworks/CoreBluetooth.framework/Versions/A/CoreBluetooth
0x000000001410e000 	/System/Library/PrivateFrameworks/DebugSymbols.framework/Versions/A/DebugSymbols
0x000000001410e000 	/System/Library/PrivateFrameworks/CoreSymbolication.framework/Versions/A/CoreSymbolication
0x000000001410e000 	/System/Library/PrivateFrameworks/Symbolication.framework/Versions/A/Symbolication
0x000000001410e000 	/System/Library/PrivateFrameworks/AppleFSCompression.framework/Versions/A/AppleFSCompression
0x000000001410e000 	/System/Library/PrivateFrameworks/SpeechRecognitionCore.framework/Versions/A/SpeechRecognitionCore
0x0000000103000000 	/Library/Java/JavaVirtualMachines/jdk1.8.0_151.jdk/Contents/Home/jre/lib/server/libjvm.dylib
0x000000001410e000 	/usr/lib/libstdc++.6.0.9.dylib
0x0000000102705000 	/Library/Java/JavaVirtualMachines/jdk1.8.0_151.jdk/Contents/Home/jre/lib/libverify.dylib
0x0000000102713000 	/Library/Java/JavaVirtualMachines/jdk1.8.0_151.jdk/Contents/Home/jre/lib/libjava.dylib
0x0000000102792000 	/Library/Java/JavaVirtualMachines/jdk1.8.0_151.jdk/Contents/Home/jre/lib/libzip.dylib
0x000000001410e000 	/System/Library/Frameworks/JavaVM.framework/Versions/A/Frameworks/JavaRuntimeSupport.framework/Versions/A/JavaRuntimeSupport
0x000000001410e000 	/System/Library/Frameworks/JavaVM.framework/Versions/A/Frameworks/JavaNativeFoundation.framework/Versions/A/JavaNativeFoundation
0x000000001410e000 	/System/Library/Frameworks/JavaVM.framework/Versions/A/JavaVM
0x000000001410e000 	/System/Library/Frameworks/Carbon.framework/Versions/A/Carbon
0x000000001410e000 	/System/Library/PrivateFrameworks/JavaLaunching.framework/Versions/A/JavaLaunching
0x000000001410e000 	/System/Library/Frameworks/Carbon.framework/Versions/A/Frameworks/CommonPanels.framework/Versions/A/CommonPanels
0x000000001410e000 	/System/Library/Frameworks/Carbon.framework/Versions/A/Frameworks/Help.framework/Versions/A/Help
0x000000001410e000 	/System/Library/Frameworks/Carbon.framework/Versions/A/Frameworks/ImageCapture.framework/Versions/A/ImageCapture
0x000000001410e000 	/System/Library/Frameworks/Carbon.framework/Versions/A/Frameworks/OpenScripting.framework/Versions/A/OpenScripting
0x000000001410e000 	/System/Library/Frameworks/Carbon.framework/Versions/A/Frameworks/Print.framework/Versions/A/Print
0x000000001410e000 	/System/Library/Frameworks/Carbon.framework/Versions/A/Frameworks/SecurityHI.framework/Versions/A/SecurityHI
0x00000001068d4000 	/Library/Java/JavaVirtualMachines/jdk1.8.0_151.jdk/Contents/Home/jre/lib/libnet.dylib

VM Arguments:
jvm_args: -Djava.security.policy=policy -Djava.rmi.server.useCodebaseOnly=false 
java_command: /Users/rikeshpuri/Desktop/javafiles/workspace/PartA/simple-server.jar rikeshpuri
java_class_path (initial): /Users/rikeshpuri/Desktop/javafiles/workspace/PartA/simple-server.jar
Launcher Type: SUN_STANDARD

Environment Variables:
PATH=/usr/bin:/bin:/usr/sbin:/sbin
SHELL=/bin/bash

Signal Handlers:
SIGSEGV: [libjvm.dylib+0x5b27a5], sa_mask[0]=11111111011111110111111111111111, sa_flags=SA_ONSTACK|SA_RESTART|SA_SIGINFO
SIGBUS: [libjvm.dylib+0x5b27a5], sa_mask[0]=11111111011111110111111111111111, sa_flags=SA_RESTART|SA_SIGINFO
SIGFPE: [libjvm.dylib+0x4891c4], sa_mask[0]=11111111011111110111111111111111, sa_flags=SA_RESTART|SA_SIGINFO
SIGPIPE: [libjvm.dylib+0x4891c4], sa_mask[0]=11111111011111110111111111111111, sa_flags=SA_RESTART|SA_SIGINFO
SIGXFSZ: [libjvm.dylib+0x4891c4], sa_mask[0]=11111111011111110111111111111111, sa_flags=SA_RESTART|SA_SIGINFO
SIGILL: [libjvm.dylib+0x4891c4], sa_mask[0]=11111111011111110111111111111111, sa_flags=SA_RESTART|SA_SIGINFO
SIGUSR1: SIG_DFL, sa_mask[0]=00000000000000000000000000000000, sa_flags=none
SIGUSR2: [libjvm.dylib+0x488ce2], sa_mask[0]=00100000000000000000000000000000, sa_flags=SA_RESTART|SA_SIGINFO
SIGHUP: [libjvm.dylib+0x4872b9], sa_mask[0]=11111111011111110111111111111111, sa_flags=SA_RESTART|SA_SIGINFO
SIGINT: [libjvm.dylib+0x4872b9], sa_mask[0]=11111111011111110111111111111111, sa_flags=SA_RESTART|SA_SIGINFO
SIGTERM: [libjvm.dylib+0x4872b9], sa_mask[0]=11111111011111110111111111111111, sa_flags=SA_RESTART|SA_SIGINFO
SIGQUIT: [libjvm.dylib+0x4872b9], sa_mask[0]=11111111011111110111111111111111, sa_flags=SA_RESTART|SA_SIGINFO


---------------  S Y S T E M  ---------------

OS:Bsduname:Darwin 17.7.0 Darwin Kernel Version 17.7.0: Thu Jun 21 22:53:14 PDT 2018; root:xnu-4570.71.2~1/RELEASE_X86_64 x86_64
rlimit: STACK 8192k, CORE 0k, NPROC 709, NOFILE 10240, AS infinity
load average:2.43 3.77 3.97

CPU:total 4 (initial active 4) (2 cores per cpu, 2 threads per core) family 6 model 142 stepping 9, cmov, cx8, fxsr, mmx, sse, sse2, sse3, ssse3, sse4.1, sse4.2, popcnt, avx, avx2, aes, clmul, erms, rtm, 3dnowpref, lzcnt, ht, tsc, tscinvbit, bmi1, bmi2, adx

Memory: 4k page, physical 8388608k(259088k free)

/proc/meminfo:


vm_info: Java HotSpot(TM) 64-Bit Server VM (25.151-b12) for bsd-amd64 JRE (1.8.0_151-b12), built on Sep  5 2017 19:37:08 by "java_re" with gcc 4.2.1 (Based on Apple Inc. build 5658) (LLVM build 2336.11.00)

time: Wed Oct  3 12:17:07 2018
elapsed time: 256 seconds (0d 0h 4m 16s)

